<?xml version="1.0" encoding="UTF-8" ?>
<entityPrefabFilenames>
    <entityPrefabFilename code="TestEntity0">test-filename-0</entityPrefabFilename>
    <entityPrefabFilename code="TestEntity1">test-filename-1</entityPrefabFilename>
</entityPrefabFilenames>