<?xml version="1.0" encoding="UTF-8" ?>
<entity>
    <preloadData>
        <entityPrefabCodes>
            <entityPrefabCode>CODE0</entityPrefabCode>
            <entityPrefabCode>CODE1</entityPrefabCode>
        </entityPrefabCodes>
        <assetIds>
            <assetId>ASSET0</assetId>
            <assetId>ASSET1</assetId>
            <assetId>ASSET2</assetId>
        </assetIds>
    </preloadData>
    <components>
        <component type="ObstacleRenderLayerComponent" />
    </components>
</entity>