<?xml version="1.0" encoding="UTF-8" ?>
<components>
    <component type="ChangeBehaviorComponent">
        <components>
            <component type="CameraTrackComponent">
                <priority>33</priority>
            </component>
        </components>
    </component>
    <component type="CameraTrackComponent">
        <priority>100</priority>
        <position>
            <x>1</x>
            <y>2</y>
        </position>
    </component>
    <component type="CameraTrackComponent">
        <priority>10</priority>
    </component>
    <component type="LeaveBonusComponent">
        <chanceModifier>2</chanceModifier>
    </component>
    <component type="LeaveBonusComponent" />
    <component type="AmmoComponent">
        <currentLevel>0</currentLevel>
        <maxLevel>1</maxLevel>
        <ammo level="0">
            <bullet direction="Left">LeftBullet0</bullet>
            <bullet direction="Right">RightBullet0</bullet>
            <bullet direction="Up">UpBullet0</bullet>
            <bullet direction="Down">DownBullet0</bullet>
        </ammo>
        <ammo level="1">
            <bullet direction="Left">LeftBullet1</bullet>
            <bullet direction="Right">RightBullet1</bullet>
            <bullet direction="Up">UpBullet1</bullet>
            <bullet direction="Down">DownBullet1</bullet>
        </ammo>
    </component>
    <component type="AutoShootComponent" />
    <component type="DamageComponent">
        <damage>1</damage>
    </component>
    <component type="HealthComponent">
        <health>2</health>
        <maxHealth>3</maxHealth>
    </component>
    <component type="HitComponent">
        <effect type="AlphaEffect">
            <alphaValue>1</alphaValue>
        </effect>
        <hitTime>1.5</hitTime>
    </component>
    <component type="ProtectionComponent" />
    <component type="RandomShootComponent">
        <minShootFrequency>1.1</minShootFrequency>
        <maxShootFrequency>2.4</maxShootFrequency>
    </component>
    <component type="DirectionComponent">
        <direction>Left</direction>
    </component>
    <component type="RandomDirectionComponent">
        <minChangeDirectionFrequency>1.1</minChangeDirectionFrequency>
        <maxChangeDirectionFrequency>1.1</maxChangeDirectionFrequency>
        <directions>
            <direction>Left</direction>
            <direction>Right</direction>
        </directions>
    </component>
    <component type="EnemyComponent" />
    <component type="PlayerComponent" />
    <component type="IdentityComponent">
        <id>TestID</id>
    </component>
    <component type="InputComponent">
        <shootDelay>9.9</shootDelay>
    </component>
    <component type="CreateComponent" />
    <component type="DestroyComponent" />
    <component type="DestroyOnContactComponent" />
    <component type="DestroyOnContactLostComponent" />
    <component type="LifetimeComponent">
        <lifetime>4.5</lifetime>
    </component>
    <component type="RandomCreateComponent">
        <minCreateFrequency>1.1</minCreateFrequency>
        <maxCreateFrequency>2.2</maxCreateFrequency>
        <createEntries>
            <createEntry>
                <entityPrefabCode>CODE_0</entityPrefabCode>
                <position>
                    <x>3.3</x>
                    <y>4.4</y>
                </position>
            </createEntry>
        </createEntries>
    </component>
    <component type="AutoMoveComponent" />
    <component type="PhysicsComponent">
        <body>
            <type>KinematicBody</type>
            <active>true</active>
            <allowSleep>false</allowSleep>
            <awake>false</awake>
            <bullet>true</bullet>
            <fixedRotation>false</fixedRotation>
            <gravityScale>1</gravityScale>
            <angle>10</angle>
            <angularDamping>2</angularDamping>
            <linearDamping>8</linearDamping>
        </body>
        <hitBoxes>
            <hitBox id="A">
                <fixture>
                    <shape type="CircleShape">
                        <radius>2</radius>
                        <position>
                            <x>10</x>
                            <y>20</y>
                        </position>
                    </shape>
                    <filter>
                        <categoryBit>CategoryBit0</categoryBit>
                        <maskBit>MaskBit0</maskBit>
                    </filter>
                    <restitution>1</restitution>
                    <density>5</density>
                    <friction>8</friction>
                </fixture>
            </hitBox>
        </hitBoxes>
        <sensors>
            <sensor id="B">
                <fixture>
                    <shape type="CircleShape">
                        <radius>2</radius>
                        <position>
                            <x>10</x>
                            <y>20</y>
                        </position>
                    </shape>
                    <filter>
                        <categoryBit>CategoryBit0</categoryBit>
                        <maskBit>MaskBit0</maskBit>
                    </filter>
                    <restitution>1</restitution>
                    <density>5</density>
                    <friction>8</friction>
                </fixture>
            </sensor>
        </sensors>
        <lightHandlers>
            <lightHandler id="TestID0">
                <light type="DirectionalLight">
                    <color type="HexColor">
                        <hexValue>CCAAFFEE</hexValue>
                    </color>
                    <xRay>true</xRay>
                    <directionDegree>10</directionDegree>
                </light>
            </lightHandler>
        </lightHandlers>
    </component>
    <component type="AirplaneRenderLayerComponent" />
    <component type="BombRenderLayerComponent" />
    <component type="BonusRenderLayerComponent" />
    <component type="BulletRenderLayerComponent" />
    <component type="CloudRenderLayerComponent" />
    <component type="ExplosionRenderLayerComponent" />
    <component type="GroundRenderLayerComponent" />
    <component type="ObstacleRenderLayerComponent" />
    <component type="VehicleRenderLayerComponent" />
    <component type="ViewComponent">
        <views>
            <view id="ID" type="SpriteView">
                <sprite type="FileSprite">
                    <filename>test-filename</filename>
                </sprite>
            </view>
        </views>
    </component>
    <component type="AirplaneSpawnerComponent">
        <entityPrefabCode>CODE</entityPrefabCode>
    </component>
    <component type="RespawnComponent" />
    <component type="AutoSpawnerComponent">
        <id>ID</id>
    </component>
    <component type="StateComponent">
        <state>STATE</state>
    </component>
    <component type="CreateTriggerComponent">
        <entityEvents>
            <entityEvent type="DestroyEntityEvent" />
        </entityEvents>
    </component>
    <component type="DestroyTriggerComponent">
        <entityEvents>
            <entityEvent type="DestroyEntityEvent" />
        </entityEvents>
    </component>
    <component type="HitTriggerComponent">
        <entityEvents>
            <entityEvent type="DestroyEntityEvent" />
        </entityEvents>
    </component>
</components>